SLURM_JOBID=2492900
SLURM_JOB_NODELIST=aion-0243
SLURM_NNODES=1
SLURMTMPDIR=
working directory = /mnt/irisgpfs/users/dihurtado/PointsCreation
incorrect projections for patch 24 ,edge 0 : 36 .
incorrect projections for patch 24 ,edge 1 : 20 .
incorrect projections for patch 24 ,edge 2 : 148 .
incorrect projections for patch 24 ,edge 3 : 62 .
time taken by patch 24 : 880.9693319797516 [s]
incorrect projections for patch 25 ,edge 0 : 215 .
incorrect projections for patch 25 ,edge 1 : 153 .
incorrect projections for patch 25 ,edge 2 : 4 .
incorrect projections for patch 25 ,edge 3 : 167 .
time taken by patch 25 : 1251.6459534168243 [s]
incorrect projections for patch 26 ,edge 0 : 4 .
incorrect projections for patch 26 ,edge 1 : 70 .
incorrect projections for patch 26 ,edge 2 : 16 .
incorrect projections for patch 26 ,edge 3 : 6 .
time taken by patch 26 : 1192.549468278885 [s]
incorrect projections for patch 27 ,edge 0 : 0 .
incorrect projections for patch 27 ,edge 1 : 18 .
incorrect projections for patch 27 ,edge 2 : 4 .
incorrect projections for patch 27 ,edge 3 : 2 .
time taken by patch 27 : 1024.0882115364075 [s]
incorrect projections for patch 28 ,edge 0 : 2 .
incorrect projections for patch 28 ,edge 1 : 1 .
incorrect projections for patch 28 ,edge 2 : 61 .
incorrect projections for patch 28 ,edge 3 : 125 .
time taken by patch 28 : 977.7312209606171 [s]
incorrect projections for patch 29 ,edge 0 : 39 .
incorrect projections for patch 29 ,edge 1 : 20 .
incorrect projections for patch 29 ,edge 2 : 66 .
incorrect projections for patch 29 ,edge 3 : 150 .
time taken by patch 29 : 926.5936009883881 [s]
incorrect projections for patch 30 ,edge 0 : 17 .
incorrect projections for patch 30 ,edge 1 : 40 .
incorrect projections for patch 30 ,edge 2 : 60 .
incorrect projections for patch 30 ,edge 3 : 29 .
time taken by patch 30 : 894.9059488773346 [s]
incorrect projections for patch 31 ,edge 0 : 15 .
incorrect projections for patch 31 ,edge 1 : 21 .
incorrect projections for patch 31 ,edge 2 : 19 .
incorrect projections for patch 31 ,edge 3 : 18 .
time taken by patch 31 : 996.7626481056213 [s]
incorrect projections for patch 32 ,edge 0 : 693 .
incorrect projections for patch 32 ,edge 1 : 19 .
incorrect projections for patch 32 ,edge 2 : 20 .
incorrect projections for patch 32 ,edge 3 : 995 .
time taken by patch 32 : 1385.157791376114 [s]
incorrect projections for patch 33 ,edge 0 : 57 .
incorrect projections for patch 33 ,edge 1 : 22 .
incorrect projections for patch 33 ,edge 2 : 160 .
incorrect projections for patch 33 ,edge 3 : 41 .
time taken by patch 33 : 884.2345204353333 [s]
incorrect projections for patch 34 ,edge 0 : 101 .
incorrect projections for patch 34 ,edge 1 : 19 .
incorrect projections for patch 34 ,edge 2 : 132 .
incorrect projections for patch 34 ,edge 3 : 186 .
time taken by patch 34 : 1431.9470098018646 [s]
incorrect projections for patch 35 ,edge 0 : 109 .
incorrect projections for patch 35 ,edge 1 : 79 .
incorrect projections for patch 35 ,edge 2 : 36 .
incorrect projections for patch 35 ,edge 3 : 229 .
time taken by patch 35 : 1058.9858272075653 [s]
==Ending run at Wed 24 Apr 23:08:09 CEST 2024
